0 info it worked if it ends with ok
1 verbose cli [ '/Users/evan/.nvm/versions/node/v5.1.1/bin/node',
1 verbose cli   '/Users/evan/.nvm/versions/node/v5.1.1/bin/npm',
1 verbose cli   'run',
1 verbose cli   'develop' ]
2 info using npm@3.3.12
3 info using node@v5.1.1
4 verbose run-script [ 'predevelop', 'develop', 'postdevelop' ]
5 info lifecycle lodgepool@1.0.0~predevelop: lodgepool@1.0.0
6 silly lifecycle lodgepool@1.0.0~predevelop: no script for predevelop, continuing
7 info lifecycle lodgepool@1.0.0~develop: lodgepool@1.0.0
8 verbose lifecycle lodgepool@1.0.0~develop: unsafe-perm in lifecycle true
9 verbose lifecycle lodgepool@1.0.0~develop: PATH: /Users/evan/.nvm/versions/node/v5.1.1/lib/node_modules/npm/bin/node-gyp-bin:/Users/evan/Sites/il7/sites/lodgepool/node_modules/.bin:/usr/local/heroku/bin:/Users/evan/.rvm/gems/ruby-2.2.2/bin:/Users/evan/.rvm/gems/ruby-2.2.2@global/bin:/Users/evan/.rvm/rubies/ruby-2.2.2/bin:/Users/evan/.nvm/versions/node/v5.1.1/bin:/usr/local/bin:/usr/bin:/bin:/usr/sbin:/sbin:/Users/evan/.rvm/bin
10 verbose lifecycle lodgepool@1.0.0~develop: CWD: /Users/evan/Sites/il7/sites/lodgepool
11 silly lifecycle lodgepool@1.0.0~develop: Args: [ '-c', 'gulp && concurrently "gulp watch" "elm-reactor"' ]
12 silly lifecycle lodgepool@1.0.0~develop: Returned: code: 1  signal: null
13 info lifecycle lodgepool@1.0.0~develop: Failed to exec develop script
14 verbose stack Error: lodgepool@1.0.0 develop: `gulp && concurrently "gulp watch" "elm-reactor"`
14 verbose stack Exit status 1
14 verbose stack     at EventEmitter.<anonymous> (/Users/evan/.nvm/versions/node/v5.1.1/lib/node_modules/npm/lib/utils/lifecycle.js:232:16)
14 verbose stack     at emitTwo (events.js:87:13)
14 verbose stack     at EventEmitter.emit (events.js:172:7)
14 verbose stack     at ChildProcess.<anonymous> (/Users/evan/.nvm/versions/node/v5.1.1/lib/node_modules/npm/lib/utils/spawn.js:24:14)
14 verbose stack     at emitTwo (events.js:87:13)
14 verbose stack     at ChildProcess.emit (events.js:172:7)
14 verbose stack     at maybeClose (internal/child_process.js:818:16)
14 verbose stack     at Process.ChildProcess._handle.onexit (internal/child_process.js:211:5)
15 verbose pkgid lodgepool@1.0.0
16 verbose cwd /Users/evan/Sites/il7/sites/lodgepool
17 error Darwin 15.3.0
18 error argv "/Users/evan/.nvm/versions/node/v5.1.1/bin/node" "/Users/evan/.nvm/versions/node/v5.1.1/bin/npm" "run" "develop"
19 error node v5.1.1
20 error npm  v3.3.12
21 error code ELIFECYCLE
22 error lodgepool@1.0.0 develop: `gulp && concurrently "gulp watch" "elm-reactor"`
22 error Exit status 1
23 error Failed at the lodgepool@1.0.0 develop script 'gulp && concurrently "gulp watch" "elm-reactor"'.
23 error Make sure you have the latest version of node.js and npm installed.
23 error If you do, this is most likely a problem with the lodgepool package,
23 error not with npm itself.
23 error Tell the author that this fails on your system:
23 error     gulp && concurrently "gulp watch" "elm-reactor"
23 error You can get their info via:
23 error     npm owner ls lodgepool
23 error There is likely additional logging output above.
24 verbose exit [ 1, true ]
